[2014-11-26 18:14:21] production.ERROR: exception 'Symfony\Component\HttpKernel\Exception\NotFoundHttpException' in C:\xampp2\htdocs\laravel\bootstrap\compiled.php:5682
Stack trace:
#0 C:\xampp2\htdocs\laravel\bootstrap\compiled.php(5006): Illuminate\Routing\RouteCollection->match(Object(Illuminate\Http\Request))
#1 C:\xampp2\htdocs\laravel\bootstrap\compiled.php(4994): Illuminate\Routing\Router->findRoute(Object(Illuminate\Http\Request))
#2 C:\xampp2\htdocs\laravel\bootstrap\compiled.php(4986): Illuminate\Routing\Router->dispatchToRoute(Object(Illuminate\Http\Request))
#3 C:\xampp2\htdocs\laravel\bootstrap\compiled.php(715): Illuminate\Routing\Router->dispatch(Object(Illuminate\Http\Request))
#4 C:\xampp2\htdocs\laravel\bootstrap\compiled.php(696): Illuminate\Foundation\Application->dispatch(Object(Illuminate\Http\Request))
#5 C:\xampp2\htdocs\laravel\bootstrap\compiled.php(7746): Illuminate\Foundation\Application->handle(Object(Illuminate\Http\Request), 1, true)
#6 C:\xampp2\htdocs\laravel\bootstrap\compiled.php(8353): Illuminate\Session\Middleware->handle(Object(Illuminate\Http\Request), 1, true)
#7 C:\xampp2\htdocs\laravel\bootstrap\compiled.php(8300): Illuminate\Cookie\Queue->handle(Object(Illuminate\Http\Request), 1, true)
#8 C:\xampp2\htdocs\laravel\bootstrap\compiled.php(10962): Illuminate\Cookie\Guard->handle(Object(Illuminate\Http\Request), 1, true)
#9 C:\xampp2\htdocs\laravel\bootstrap\compiled.php(657): Stack\StackedHttpKernel->handle(Object(Illuminate\Http\Request))
#10 C:\xampp2\htdocs\laravel\public\index.php(49): Illuminate\Foundation\Application->run()
#11 C:\xampp2\htdocs\laravel\server.php(19): require_once('C:\\xampp2\\htdoc...')
#12 {main} [] []
[2014-11-26 18:26:35] production.ERROR: exception 'ReflectionException' with message 'Class UserController does not exist' in C:\xampp2\htdocs\laravel\bootstrap\compiled.php:235
Stack trace:
#0 C:\xampp2\htdocs\laravel\bootstrap\compiled.php(235): ReflectionClass->__construct('UserController')
#1 C:\xampp2\htdocs\laravel\bootstrap\compiled.php(205): Illuminate\Container\Container->build('UserController', Array)
#2 C:\xampp2\htdocs\laravel\bootstrap\compiled.php(583): Illuminate\Container\Container->make('UserController', Array)
#3 C:\xampp2\htdocs\laravel\bootstrap\compiled.php(5773): Illuminate\Foundation\Application->make('UserController')
#4 C:\xampp2\htdocs\laravel\bootstrap\compiled.php(5762): Illuminate\Routing\ControllerDispatcher->makeController('UserController')
#5 C:\xampp2\htdocs\laravel\bootstrap\compiled.php(4973): Illuminate\Routing\ControllerDispatcher->dispatch(Object(Illuminate\Routing\Route), Object(Illuminate\Http\Request), 'UserController', 'getIndex')
#6 [internal function]: Illuminate\Routing\Router->Illuminate\Routing\{closure}()
#7 C:\xampp2\htdocs\laravel\bootstrap\compiled.php(5331): call_user_func_array(Object(Closure), Array)
#8 C:\xampp2\htdocs\laravel\bootstrap\compiled.php(4998): Illuminate\Routing\Route->run(Object(Illuminate\Http\Request))
#9 C:\xampp2\htdocs\laravel\bootstrap\compiled.php(4986): Illuminate\Routing\Router->dispatchToRoute(Object(Illuminate\Http\Request))
#10 C:\xampp2\htdocs\laravel\bootstrap\compiled.php(715): Illuminate\Routing\Router->dispatch(Object(Illuminate\Http\Request))
#11 C:\xampp2\htdocs\laravel\bootstrap\compiled.php(696): Illuminate\Foundation\Application->dispatch(Object(Illuminate\Http\Request))
#12 C:\xampp2\htdocs\laravel\bootstrap\compiled.php(7746): Illuminate\Foundation\Application->handle(Object(Illuminate\Http\Request), 1, true)
#13 C:\xampp2\htdocs\laravel\bootstrap\compiled.php(8353): Illuminate\Session\Middleware->handle(Object(Illuminate\Http\Request), 1, true)
#14 C:\xampp2\htdocs\laravel\bootstrap\compiled.php(8300): Illuminate\Cookie\Queue->handle(Object(Illuminate\Http\Request), 1, true)
#15 C:\xampp2\htdocs\laravel\bootstrap\compiled.php(10962): Illuminate\Cookie\Guard->handle(Object(Illuminate\Http\Request), 1, true)
#16 C:\xampp2\htdocs\laravel\bootstrap\compiled.php(657): Stack\StackedHttpKernel->handle(Object(Illuminate\Http\Request))
#17 C:\xampp2\htdocs\laravel\public\index.php(49): Illuminate\Foundation\Application->run()
#18 C:\xampp2\htdocs\laravel\server.php(19): require_once('C:\\xampp2\\htdoc...')
#19 {main} [] []
[2014-11-27 15:58:33] production.ERROR: exception 'Symfony\Component\HttpKernel\Exception\NotFoundHttpException' in C:\xampp2\htdocs\laravel\bootstrap\compiled.php:5682
Stack trace:
#0 C:\xampp2\htdocs\laravel\bootstrap\compiled.php(5006): Illuminate\Routing\RouteCollection->match(Object(Illuminate\Http\Request))
#1 C:\xampp2\htdocs\laravel\bootstrap\compiled.php(4994): Illuminate\Routing\Router->findRoute(Object(Illuminate\Http\Request))
#2 C:\xampp2\htdocs\laravel\bootstrap\compiled.php(4986): Illuminate\Routing\Router->dispatchToRoute(Object(Illuminate\Http\Request))
#3 C:\xampp2\htdocs\laravel\bootstrap\compiled.php(715): Illuminate\Routing\Router->dispatch(Object(Illuminate\Http\Request))
#4 C:\xampp2\htdocs\laravel\bootstrap\compiled.php(696): Illuminate\Foundation\Application->dispatch(Object(Illuminate\Http\Request))
#5 C:\xampp2\htdocs\laravel\bootstrap\compiled.php(7746): Illuminate\Foundation\Application->handle(Object(Illuminate\Http\Request), 1, true)
#6 C:\xampp2\htdocs\laravel\bootstrap\compiled.php(8353): Illuminate\Session\Middleware->handle(Object(Illuminate\Http\Request), 1, true)
#7 C:\xampp2\htdocs\laravel\bootstrap\compiled.php(8300): Illuminate\Cookie\Queue->handle(Object(Illuminate\Http\Request), 1, true)
#8 C:\xampp2\htdocs\laravel\bootstrap\compiled.php(10962): Illuminate\Cookie\Guard->handle(Object(Illuminate\Http\Request), 1, true)
#9 C:\xampp2\htdocs\laravel\bootstrap\compiled.php(657): Stack\StackedHttpKernel->handle(Object(Illuminate\Http\Request))
#10 C:\xampp2\htdocs\laravel\public\index.php(49): Illuminate\Foundation\Application->run()
#11 {main} [] []
[2014-11-27 15:59:05] production.ERROR: exception 'Symfony\Component\HttpKernel\Exception\NotFoundHttpException' in C:\xampp2\htdocs\laravel\bootstrap\compiled.php:5682
Stack trace:
#0 C:\xampp2\htdocs\laravel\bootstrap\compiled.php(5006): Illuminate\Routing\RouteCollection->match(Object(Illuminate\Http\Request))
#1 C:\xampp2\htdocs\laravel\bootstrap\compiled.php(4994): Illuminate\Routing\Router->findRoute(Object(Illuminate\Http\Request))
#2 C:\xampp2\htdocs\laravel\bootstrap\compiled.php(4986): Illuminate\Routing\Router->dispatchToRoute(Object(Illuminate\Http\Request))
#3 C:\xampp2\htdocs\laravel\bootstrap\compiled.php(715): Illuminate\Routing\Router->dispatch(Object(Illuminate\Http\Request))
#4 C:\xampp2\htdocs\laravel\bootstrap\compiled.php(696): Illuminate\Foundation\Application->dispatch(Object(Illuminate\Http\Request))
#5 C:\xampp2\htdocs\laravel\bootstrap\compiled.php(7746): Illuminate\Foundation\Application->handle(Object(Illuminate\Http\Request), 1, true)
#6 C:\xampp2\htdocs\laravel\bootstrap\compiled.php(8353): Illuminate\Session\Middleware->handle(Object(Illuminate\Http\Request), 1, true)
#7 C:\xampp2\htdocs\laravel\bootstrap\compiled.php(8300): Illuminate\Cookie\Queue->handle(Object(Illuminate\Http\Request), 1, true)
#8 C:\xampp2\htdocs\laravel\bootstrap\compiled.php(10962): Illuminate\Cookie\Guard->handle(Object(Illuminate\Http\Request), 1, true)
#9 C:\xampp2\htdocs\laravel\bootstrap\compiled.php(657): Stack\StackedHttpKernel->handle(Object(Illuminate\Http\Request))
#10 C:\xampp2\htdocs\laravel\public\index.php(49): Illuminate\Foundation\Application->run()
#11 {main} [] []
[2014-11-29 08:05:45] production.ERROR: exception 'ErrorException' with message 'Undefined index: input name' in C:\xampp2\htdocs\laravel\app\controllers\HomeController.php:22
Stack trace:
#0 C:\xampp2\htdocs\laravel\app\controllers\HomeController.php(22): Illuminate\Exception\Handler->handleError(8, 'Undefined index...', 'C:\\xampp2\\htdoc...', 22, Array)
#1 [internal function]: HomeController->showWelcome()
#2 C:\xampp2\htdocs\laravel\vendor\laravel\framework\src\Illuminate\Routing\Controller.php(231): call_user_func_array(Array, Array)
#3 C:\xampp2\htdocs\laravel\bootstrap\compiled.php(5778): Illuminate\Routing\Controller->callAction('showWelcome', Array)
#4 C:\xampp2\htdocs\laravel\bootstrap\compiled.php(5766): Illuminate\Routing\ControllerDispatcher->call(Object(HomeController), Object(Illuminate\Routing\Route), 'showWelcome')
#5 C:\xampp2\htdocs\laravel\bootstrap\compiled.php(4973): Illuminate\Routing\ControllerDispatcher->dispatch(Object(Illuminate\Routing\Route), Object(Illuminate\Http\Request), 'HomeController', 'showWelcome')
#6 [internal function]: Illuminate\Routing\Router->Illuminate\Routing\{closure}()
#7 C:\xampp2\htdocs\laravel\bootstrap\compiled.php(5331): call_user_func_array(Object(Closure), Array)
#8 C:\xampp2\htdocs\laravel\bootstrap\compiled.php(4998): Illuminate\Routing\Route->run(Object(Illuminate\Http\Request))
#9 C:\xampp2\htdocs\laravel\bootstrap\compiled.php(4986): Illuminate\Routing\Router->dispatchToRoute(Object(Illuminate\Http\Request))
#10 C:\xampp2\htdocs\laravel\bootstrap\compiled.php(715): Illuminate\Routing\Router->dispatch(Object(Illuminate\Http\Request))
#11 C:\xampp2\htdocs\laravel\bootstrap\compiled.php(696): Illuminate\Foundation\Application->dispatch(Object(Illuminate\Http\Request))
#12 C:\xampp2\htdocs\laravel\bootstrap\compiled.php(7746): Illuminate\Foundation\Application->handle(Object(Illuminate\Http\Request), 1, true)
#13 C:\xampp2\htdocs\laravel\bootstrap\compiled.php(8353): Illuminate\Session\Middleware->handle(Object(Illuminate\Http\Request), 1, true)
#14 C:\xampp2\htdocs\laravel\bootstrap\compiled.php(8300): Illuminate\Cookie\Queue->handle(Object(Illuminate\Http\Request), 1, true)
#15 C:\xampp2\htdocs\laravel\bootstrap\compiled.php(10962): Illuminate\Cookie\Guard->handle(Object(Illuminate\Http\Request), 1, true)
#16 C:\xampp2\htdocs\laravel\bootstrap\compiled.php(657): Stack\StackedHttpKernel->handle(Object(Illuminate\Http\Request))
#17 C:\xampp2\htdocs\laravel\public\index.php(49): Illuminate\Foundation\Application->run()
#18 {main} [] []
[2014-11-29 08:06:17] production.ERROR: exception 'ErrorException' with message 'Undefined index: input name' in C:\xampp2\htdocs\laravel\app\controllers\HomeController.php:22
Stack trace:
#0 C:\xampp2\htdocs\laravel\app\controllers\HomeController.php(22): Illuminate\Exception\Handler->handleError(8, 'Undefined index...', 'C:\\xampp2\\htdoc...', 22, Array)
#1 [internal function]: HomeController->showWelcome()
#2 C:\xampp2\htdocs\laravel\vendor\laravel\framework\src\Illuminate\Routing\Controller.php(231): call_user_func_array(Array, Array)
#3 C:\xampp2\htdocs\laravel\bootstrap\compiled.php(5778): Illuminate\Routing\Controller->callAction('showWelcome', Array)
#4 C:\xampp2\htdocs\laravel\bootstrap\compiled.php(5766): Illuminate\Routing\ControllerDispatcher->call(Object(HomeController), Object(Illuminate\Routing\Route), 'showWelcome')
#5 C:\xampp2\htdocs\laravel\bootstrap\compiled.php(4973): Illuminate\Routing\ControllerDispatcher->dispatch(Object(Illuminate\Routing\Route), Object(Illuminate\Http\Request), 'HomeController', 'showWelcome')
#6 [internal function]: Illuminate\Routing\Router->Illuminate\Routing\{closure}()
#7 C:\xampp2\htdocs\laravel\bootstrap\compiled.php(5331): call_user_func_array(Object(Closure), Array)
#8 C:\xampp2\htdocs\laravel\bootstrap\compiled.php(4998): Illuminate\Routing\Route->run(Object(Illuminate\Http\Request))
#9 C:\xampp2\htdocs\laravel\bootstrap\compiled.php(4986): Illuminate\Routing\Router->dispatchToRoute(Object(Illuminate\Http\Request))
#10 C:\xampp2\htdocs\laravel\bootstrap\compiled.php(715): Illuminate\Routing\Router->dispatch(Object(Illuminate\Http\Request))
#11 C:\xampp2\htdocs\laravel\bootstrap\compiled.php(696): Illuminate\Foundation\Application->dispatch(Object(Illuminate\Http\Request))
#12 C:\xampp2\htdocs\laravel\bootstrap\compiled.php(7746): Illuminate\Foundation\Application->handle(Object(Illuminate\Http\Request), 1, true)
#13 C:\xampp2\htdocs\laravel\bootstrap\compiled.php(8353): Illuminate\Session\Middleware->handle(Object(Illuminate\Http\Request), 1, true)
#14 C:\xampp2\htdocs\laravel\bootstrap\compiled.php(8300): Illuminate\Cookie\Queue->handle(Object(Illuminate\Http\Request), 1, true)
#15 C:\xampp2\htdocs\laravel\bootstrap\compiled.php(10962): Illuminate\Cookie\Guard->handle(Object(Illuminate\Http\Request), 1, true)
#16 C:\xampp2\htdocs\laravel\bootstrap\compiled.php(657): Stack\StackedHttpKernel->handle(Object(Illuminate\Http\Request))
#17 C:\xampp2\htdocs\laravel\public\index.php(49): Illuminate\Foundation\Application->run()
#18 {main} [] []
[2014-11-29 08:06:53] production.ERROR: exception 'Illuminate\Database\Eloquent\MassAssignmentException' with message 'name' in C:\xampp2\htdocs\laravel\bootstrap\compiled.php:6389
Stack trace:
#0 C:\xampp2\htdocs\laravel\bootstrap\compiled.php(6319): Illuminate\Database\Eloquent\Model->fill(Array)
#1 C:\xampp2\htdocs\laravel\bootstrap\compiled.php(6436): Illuminate\Database\Eloquent\Model->__construct(Array)
#2 C:\xampp2\htdocs\laravel\app\controllers\HomeController.php(28): Illuminate\Database\Eloquent\Model::create(Array)
#3 [internal function]: HomeController->showWelcome()
#4 C:\xampp2\htdocs\laravel\vendor\laravel\framework\src\Illuminate\Routing\Controller.php(231): call_user_func_array(Array, Array)
#5 C:\xampp2\htdocs\laravel\bootstrap\compiled.php(5778): Illuminate\Routing\Controller->callAction('showWelcome', Array)
#6 C:\xampp2\htdocs\laravel\bootstrap\compiled.php(5766): Illuminate\Routing\ControllerDispatcher->call(Object(HomeController), Object(Illuminate\Routing\Route), 'showWelcome')
#7 C:\xampp2\htdocs\laravel\bootstrap\compiled.php(4973): Illuminate\Routing\ControllerDispatcher->dispatch(Object(Illuminate\Routing\Route), Object(Illuminate\Http\Request), 'HomeController', 'showWelcome')
#8 [internal function]: Illuminate\Routing\Router->Illuminate\Routing\{closure}()
#9 C:\xampp2\htdocs\laravel\bootstrap\compiled.php(5331): call_user_func_array(Object(Closure), Array)
#10 C:\xampp2\htdocs\laravel\bootstrap\compiled.php(4998): Illuminate\Routing\Route->run(Object(Illuminate\Http\Request))
#11 C:\xampp2\htdocs\laravel\bootstrap\compiled.php(4986): Illuminate\Routing\Router->dispatchToRoute(Object(Illuminate\Http\Request))
#12 C:\xampp2\htdocs\laravel\bootstrap\compiled.php(715): Illuminate\Routing\Router->dispatch(Object(Illuminate\Http\Request))
#13 C:\xampp2\htdocs\laravel\bootstrap\compiled.php(696): Illuminate\Foundation\Application->dispatch(Object(Illuminate\Http\Request))
#14 C:\xampp2\htdocs\laravel\bootstrap\compiled.php(7746): Illuminate\Foundation\Application->handle(Object(Illuminate\Http\Request), 1, true)
#15 C:\xampp2\htdocs\laravel\bootstrap\compiled.php(8353): Illuminate\Session\Middleware->handle(Object(Illuminate\Http\Request), 1, true)
#16 C:\xampp2\htdocs\laravel\bootstrap\compiled.php(8300): Illuminate\Cookie\Queue->handle(Object(Illuminate\Http\Request), 1, true)
#17 C:\xampp2\htdocs\laravel\bootstrap\compiled.php(10962): Illuminate\Cookie\Guard->handle(Object(Illuminate\Http\Request), 1, true)
#18 C:\xampp2\htdocs\laravel\bootstrap\compiled.php(657): Stack\StackedHttpKernel->handle(Object(Illuminate\Http\Request))
#19 C:\xampp2\htdocs\laravel\public\index.php(49): Illuminate\Foundation\Application->run()
#20 {main} [] []
[2014-11-29 08:33:57] production.ERROR: exception 'PDOException' with message 'SQLSTATE[23000]: Integrity constraint violation: 1062 Duplicate entry 'test@test.com' for key 'user_table_email_unique'' in C:\xampp2\htdocs\laravel\vendor\laravel\framework\src\Illuminate\Database\Connection.php:369
Stack trace:
#0 C:\xampp2\htdocs\laravel\vendor\laravel\framework\src\Illuminate\Database\Connection.php(369): PDOStatement->execute(Array)
#1 C:\xampp2\htdocs\laravel\vendor\laravel\framework\src\Illuminate\Database\Connection.php(617): Illuminate\Database\Connection->Illuminate\Database\{closure}(Object(Illuminate\Database\MySqlConnection), 'insert into `us...', Array)
#2 C:\xampp2\htdocs\laravel\vendor\laravel\framework\src\Illuminate\Database\Connection.php(581): Illuminate\Database\Connection->runQueryCallback('insert into `us...', Array, Object(Closure))
#3 C:\xampp2\htdocs\laravel\vendor\laravel\framework\src\Illuminate\Database\Connection.php(370): Illuminate\Database\Connection->run('insert into `us...', Array, Object(Closure))
#4 C:\xampp2\htdocs\laravel\vendor\laravel\framework\src\Illuminate\Database\Connection.php(327): Illuminate\Database\Connection->statement('insert into `us...', Array)
#5 C:\xampp2\htdocs\laravel\vendor\laravel\framework\src\Illuminate\Database\Query\Processors\Processor.php(30): Illuminate\Database\Connection->insert('insert into `us...', Array)
#6 C:\xampp2\htdocs\laravel\vendor\laravel\framework\src\Illuminate\Database\Query\Builder.php(1851): Illuminate\Database\Query\Processors\Processor->processInsertGetId(Object(Illuminate\Database\Query\Builder), 'insert into `us...', Array, 'id')
#7 [internal function]: Illuminate\Database\Query\Builder->insertGetId(Array, 'id')
#8 C:\xampp2\htdocs\laravel\vendor\laravel\framework\src\Illuminate\Database\Eloquent\Builder.php(908): call_user_func_array(Array, Array)
#9 C:\xampp2\htdocs\laravel\bootstrap\compiled.php(6839): Illuminate\Database\Eloquent\Builder->__call('insertGetId', Array)
#10 C:\xampp2\htdocs\laravel\bootstrap\compiled.php(6839): Illuminate\Database\Eloquent\Builder->insertGetId(Array, 'id')
#11 C:\xampp2\htdocs\laravel\bootstrap\compiled.php(6829): Illuminate\Database\Eloquent\Model->insertAndSetId(Object(Illuminate\Database\Eloquent\Builder), Array)
#12 C:\xampp2\htdocs\laravel\bootstrap\compiled.php(6786): Illuminate\Database\Eloquent\Model->performInsert(Object(Illuminate\Database\Eloquent\Builder), Array)
#13 C:\xampp2\htdocs\laravel\bootstrap\compiled.php(6437): Illuminate\Database\Eloquent\Model->save()
#14 C:\xampp2\htdocs\laravel\app\controllers\InsertController.php(13): Illuminate\Database\Eloquent\Model::create(Array)
#15 [internal function]: InsertController->insert()
#16 C:\xampp2\htdocs\laravel\vendor\laravel\framework\src\Illuminate\Routing\Controller.php(231): call_user_func_array(Array, Array)
#17 C:\xampp2\htdocs\laravel\bootstrap\compiled.php(5778): Illuminate\Routing\Controller->callAction('insert', Array)
#18 C:\xampp2\htdocs\laravel\bootstrap\compiled.php(5766): Illuminate\Routing\ControllerDispatcher->call(Object(InsertController), Object(Illuminate\Routing\Route), 'insert')
#19 C:\xampp2\htdocs\laravel\bootstrap\compiled.php(4973): Illuminate\Routing\ControllerDispatcher->dispatch(Object(Illuminate\Routing\Route), Object(Illuminate\Http\Request), 'InsertControlle...', 'insert')
#20 [internal function]: Illuminate\Routing\Router->Illuminate\Routing\{closure}()
#21 C:\xampp2\htdocs\laravel\bootstrap\compiled.php(5331): call_user_func_array(Object(Closure), Array)
#22 C:\xampp2\htdocs\laravel\bootstrap\compiled.php(4998): Illuminate\Routing\Route->run(Object(Illuminate\Http\Request))
#23 C:\xampp2\htdocs\laravel\bootstrap\compiled.php(4986): Illuminate\Routing\Router->dispatchToRoute(Object(Illuminate\Http\Request))
#24 C:\xampp2\htdocs\laravel\bootstrap\compiled.php(715): Illuminate\Routing\Router->dispatch(Object(Illuminate\Http\Request))
#25 C:\xampp2\htdocs\laravel\bootstrap\compiled.php(696): Illuminate\Foundation\Application->dispatch(Object(Illuminate\Http\Request))
#26 C:\xampp2\htdocs\laravel\bootstrap\compiled.php(7746): Illuminate\Foundation\Application->handle(Object(Illuminate\Http\Request), 1, true)
#27 C:\xampp2\htdocs\laravel\bootstrap\compiled.php(8353): Illuminate\Session\Middleware->handle(Object(Illuminate\Http\Request), 1, true)
#28 C:\xampp2\htdocs\laravel\bootstrap\compiled.php(8300): Illuminate\Cookie\Queue->handle(Object(Illuminate\Http\Request), 1, true)
#29 C:\xampp2\htdocs\laravel\bootstrap\compiled.php(10962): Illuminate\Cookie\Guard->handle(Object(Illuminate\Http\Request), 1, true)
#30 C:\xampp2\htdocs\laravel\bootstrap\compiled.php(657): Stack\StackedHttpKernel->handle(Object(Illuminate\Http\Request))
#31 C:\xampp2\htdocs\laravel\public\index.php(49): Illuminate\Foundation\Application->run()
#32 {main}

Next exception 'Illuminate\Database\QueryException' with message 'SQLSTATE[23000]: Integrity constraint violation: 1062 Duplicate entry 'test@test.com' for key 'user_table_email_unique' (SQL: insert into `user_table` (`name`, `email`, `updated_at`, `created_at`) values (Test Name, test@test.com, 2014-11-29 08:33:57, 2014-11-29 08:33:57))' in C:\xampp2\htdocs\laravel\vendor\laravel\framework\src\Illuminate\Database\Connection.php:625
Stack trace:
#0 C:\xampp2\htdocs\laravel\vendor\laravel\framework\src\Illuminate\Database\Connection.php(581): Illuminate\Database\Connection->runQueryCallback('insert into `us...', Array, Object(Closure))
#1 C:\xampp2\htdocs\laravel\vendor\laravel\framework\src\Illuminate\Database\Connection.php(370): Illuminate\Database\Connection->run('insert into `us...', Array, Object(Closure))
#2 C:\xampp2\htdocs\laravel\vendor\laravel\framework\src\Illuminate\Database\Connection.php(327): Illuminate\Database\Connection->statement('insert into `us...', Array)
#3 C:\xampp2\htdocs\laravel\vendor\laravel\framework\src\Illuminate\Database\Query\Processors\Processor.php(30): Illuminate\Database\Connection->insert('insert into `us...', Array)
#4 C:\xampp2\htdocs\laravel\vendor\laravel\framework\src\Illuminate\Database\Query\Builder.php(1851): Illuminate\Database\Query\Processors\Processor->processInsertGetId(Object(Illuminate\Database\Query\Builder), 'insert into `us...', Array, 'id')
#5 [internal function]: Illuminate\Database\Query\Builder->insertGetId(Array, 'id')
#6 C:\xampp2\htdocs\laravel\vendor\laravel\framework\src\Illuminate\Database\Eloquent\Builder.php(908): call_user_func_array(Array, Array)
#7 C:\xampp2\htdocs\laravel\bootstrap\compiled.php(6839): Illuminate\Database\Eloquent\Builder->__call('insertGetId', Array)
#8 C:\xampp2\htdocs\laravel\bootstrap\compiled.php(6839): Illuminate\Database\Eloquent\Builder->insertGetId(Array, 'id')
#9 C:\xampp2\htdocs\laravel\bootstrap\compiled.php(6829): Illuminate\Database\Eloquent\Model->insertAndSetId(Object(Illuminate\Database\Eloquent\Builder), Array)
#10 C:\xampp2\htdocs\laravel\bootstrap\compiled.php(6786): Illuminate\Database\Eloquent\Model->performInsert(Object(Illuminate\Database\Eloquent\Builder), Array)
#11 C:\xampp2\htdocs\laravel\bootstrap\compiled.php(6437): Illuminate\Database\Eloquent\Model->save()
#12 C:\xampp2\htdocs\laravel\app\controllers\InsertController.php(13): Illuminate\Database\Eloquent\Model::create(Array)
#13 [internal function]: InsertController->insert()
#14 C:\xampp2\htdocs\laravel\vendor\laravel\framework\src\Illuminate\Routing\Controller.php(231): call_user_func_array(Array, Array)
#15 C:\xampp2\htdocs\laravel\bootstrap\compiled.php(5778): Illuminate\Routing\Controller->callAction('insert', Array)
#16 C:\xampp2\htdocs\laravel\bootstrap\compiled.php(5766): Illuminate\Routing\ControllerDispatcher->call(Object(InsertController), Object(Illuminate\Routing\Route), 'insert')
#17 C:\xampp2\htdocs\laravel\bootstrap\compiled.php(4973): Illuminate\Routing\ControllerDispatcher->dispatch(Object(Illuminate\Routing\Route), Object(Illuminate\Http\Request), 'InsertControlle...', 'insert')
#18 [internal function]: Illuminate\Routing\Router->Illuminate\Routing\{closure}()
#19 C:\xampp2\htdocs\laravel\bootstrap\compiled.php(5331): call_user_func_array(Object(Closure), Array)
#20 C:\xampp2\htdocs\laravel\bootstrap\compiled.php(4998): Illuminate\Routing\Route->run(Object(Illuminate\Http\Request))
#21 C:\xampp2\htdocs\laravel\bootstrap\compiled.php(4986): Illuminate\Routing\Router->dispatchToRoute(Object(Illuminate\Http\Request))
#22 C:\xampp2\htdocs\laravel\bootstrap\compiled.php(715): Illuminate\Routing\Router->dispatch(Object(Illuminate\Http\Request))
#23 C:\xampp2\htdocs\laravel\bootstrap\compiled.php(696): Illuminate\Foundation\Application->dispatch(Object(Illuminate\Http\Request))
#24 C:\xampp2\htdocs\laravel\bootstrap\compiled.php(7746): Illuminate\Foundation\Application->handle(Object(Illuminate\Http\Request), 1, true)
#25 C:\xampp2\htdocs\laravel\bootstrap\compiled.php(8353): Illuminate\Session\Middleware->handle(Object(Illuminate\Http\Request), 1, true)
#26 C:\xampp2\htdocs\laravel\bootstrap\compiled.php(8300): Illuminate\Cookie\Queue->handle(Object(Illuminate\Http\Request), 1, true)
#27 C:\xampp2\htdocs\laravel\bootstrap\compiled.php(10962): Illuminate\Cookie\Guard->handle(Object(Illuminate\Http\Request), 1, true)
#28 C:\xampp2\htdocs\laravel\bootstrap\compiled.php(657): Stack\StackedHttpKernel->handle(Object(Illuminate\Http\Request))
#29 C:\xampp2\htdocs\laravel\public\index.php(49): Illuminate\Foundation\Application->run()
#30 {main} [] []
[2014-11-29 08:48:02] production.ERROR: exception 'ErrorException' with message 'Undefined variable: varc' in C:\xampp2\htdocs\laravel\app\controllers\InsertController.php:13
Stack trace:
#0 C:\xampp2\htdocs\laravel\app\controllers\InsertController.php(13): Illuminate\Exception\Handler->handleError(8, 'Undefined varia...', 'C:\\xampp2\\htdoc...', 13, Array)
#1 [internal function]: InsertController->insert()
#2 C:\xampp2\htdocs\laravel\vendor\laravel\framework\src\Illuminate\Routing\Controller.php(231): call_user_func_array(Array, Array)
#3 C:\xampp2\htdocs\laravel\bootstrap\compiled.php(5778): Illuminate\Routing\Controller->callAction('insert', Array)
#4 C:\xampp2\htdocs\laravel\bootstrap\compiled.php(5766): Illuminate\Routing\ControllerDispatcher->call(Object(InsertController), Object(Illuminate\Routing\Route), 'insert')
#5 C:\xampp2\htdocs\laravel\bootstrap\compiled.php(4973): Illuminate\Routing\ControllerDispatcher->dispatch(Object(Illuminate\Routing\Route), Object(Illuminate\Http\Request), 'InsertControlle...', 'insert')
#6 [internal function]: Illuminate\Routing\Router->Illuminate\Routing\{closure}()
#7 C:\xampp2\htdocs\laravel\bootstrap\compiled.php(5331): call_user_func_array(Object(Closure), Array)
#8 C:\xampp2\htdocs\laravel\bootstrap\compiled.php(4998): Illuminate\Routing\Route->run(Object(Illuminate\Http\Request))
#9 C:\xampp2\htdocs\laravel\bootstrap\compiled.php(4986): Illuminate\Routing\Router->dispatchToRoute(Object(Illuminate\Http\Request))
#10 C:\xampp2\htdocs\laravel\bootstrap\compiled.php(715): Illuminate\Routing\Router->dispatch(Object(Illuminate\Http\Request))
#11 C:\xampp2\htdocs\laravel\bootstrap\compiled.php(696): Illuminate\Foundation\Application->dispatch(Object(Illuminate\Http\Request))
#12 C:\xampp2\htdocs\laravel\bootstrap\compiled.php(7746): Illuminate\Foundation\Application->handle(Object(Illuminate\Http\Request), 1, true)
#13 C:\xampp2\htdocs\laravel\bootstrap\compiled.php(8353): Illuminate\Session\Middleware->handle(Object(Illuminate\Http\Request), 1, true)
#14 C:\xampp2\htdocs\laravel\bootstrap\compiled.php(8300): Illuminate\Cookie\Queue->handle(Object(Illuminate\Http\Request), 1, true)
#15 C:\xampp2\htdocs\laravel\bootstrap\compiled.php(10962): Illuminate\Cookie\Guard->handle(Object(Illuminate\Http\Request), 1, true)
#16 C:\xampp2\htdocs\laravel\bootstrap\compiled.php(657): Stack\StackedHttpKernel->handle(Object(Illuminate\Http\Request))
#17 C:\xampp2\htdocs\laravel\public\index.php(49): Illuminate\Foundation\Application->run()
#18 {main} [] []
[2014-11-29 08:50:22] production.ERROR: exception 'ReflectionException' with message 'Class SelectController does not exist' in C:\xampp2\htdocs\laravel\bootstrap\compiled.php:235
Stack trace:
#0 C:\xampp2\htdocs\laravel\bootstrap\compiled.php(235): ReflectionClass->__construct('SelectControlle...')
#1 C:\xampp2\htdocs\laravel\bootstrap\compiled.php(205): Illuminate\Container\Container->build('SelectControlle...', Array)
#2 C:\xampp2\htdocs\laravel\bootstrap\compiled.php(583): Illuminate\Container\Container->make('SelectControlle...', Array)
#3 C:\xampp2\htdocs\laravel\bootstrap\compiled.php(5773): Illuminate\Foundation\Application->make('SelectControlle...')
#4 C:\xampp2\htdocs\laravel\bootstrap\compiled.php(5762): Illuminate\Routing\ControllerDispatcher->makeController('SelectControlle...')
#5 C:\xampp2\htdocs\laravel\bootstrap\compiled.php(4973): Illuminate\Routing\ControllerDispatcher->dispatch(Object(Illuminate\Routing\Route), Object(Illuminate\Http\Request), 'SelectControlle...', 'select')
#6 [internal function]: Illuminate\Routing\Router->Illuminate\Routing\{closure}()
#7 C:\xampp2\htdocs\laravel\bootstrap\compiled.php(5331): call_user_func_array(Object(Closure), Array)
#8 C:\xampp2\htdocs\laravel\bootstrap\compiled.php(4998): Illuminate\Routing\Route->run(Object(Illuminate\Http\Request))
#9 C:\xampp2\htdocs\laravel\bootstrap\compiled.php(4986): Illuminate\Routing\Router->dispatchToRoute(Object(Illuminate\Http\Request))
#10 C:\xampp2\htdocs\laravel\bootstrap\compiled.php(715): Illuminate\Routing\Router->dispatch(Object(Illuminate\Http\Request))
#11 C:\xampp2\htdocs\laravel\bootstrap\compiled.php(696): Illuminate\Foundation\Application->dispatch(Object(Illuminate\Http\Request))
#12 C:\xampp2\htdocs\laravel\bootstrap\compiled.php(7746): Illuminate\Foundation\Application->handle(Object(Illuminate\Http\Request), 1, true)
#13 C:\xampp2\htdocs\laravel\bootstrap\compiled.php(8353): Illuminate\Session\Middleware->handle(Object(Illuminate\Http\Request), 1, true)
#14 C:\xampp2\htdocs\laravel\bootstrap\compiled.php(8300): Illuminate\Cookie\Queue->handle(Object(Illuminate\Http\Request), 1, true)
#15 C:\xampp2\htdocs\laravel\bootstrap\compiled.php(10962): Illuminate\Cookie\Guard->handle(Object(Illuminate\Http\Request), 1, true)
#16 C:\xampp2\htdocs\laravel\bootstrap\compiled.php(657): Stack\StackedHttpKernel->handle(Object(Illuminate\Http\Request))
#17 C:\xampp2\htdocs\laravel\public\index.php(49): Illuminate\Foundation\Application->run()
#18 {main} [] []
